
[18:58:47] [INFO] [GeneradorSitemap/generarSitemap] Se utilizará un sitemap existente para el sitio web cepis
[18:58:47] [INFO] [analizador.EjecutorAnalisis/<init>] Analizador listo para ser utilizado.
[18:58:47] [INFO] [RecolectorPDF/recorrerYAnalizar] Comenzado los análisis de los pdf.
[18:58:47] [INFO] [RecolectorPDF/recorrerYAnalizar] Analizando https://cepis.org/app/uploads/2022/01/CEPIS_Standing_Orders_Updated_2021-V1.pdf
[18:58:47] [INFO] [RecolectorPDF/recorrerYAnalizar] Analizando https://cepis.org/app/uploads/2022/02/DiversIT-Charter-Overview-Feb-2022.pdf
[18:58:47] [INFO] [RecolectorPDF/recorrerYAnalizar] Analizando https://cepis.org/app/uploads/2022/04/DiversIT-Charter-FAQs-for-Applicants-Feb-2022.pdf
[18:58:47] [INFO] [RecolectorPDF/recorrerYAnalizar] Analizando https://cepis.org/app/uploads/2022/01/ARM-NVIDIA-statement-V1.pdf
[18:58:47] [INFO] [RecolectorPDF/recorrerYAnalizar] Analizando https://cepis.org/app/uploads/2022/01/LSI-SIN-Statement-on-Right-to-encryption-V1.pdf
[18:58:47] [INFO] [RecolectorPDF/recorrerYAnalizar] Analizando https://cepis.org/app/uploads/2022/01/Comments_EU_Funding_Digital_Skills-V1-1.pdf
[18:58:47] [INFO] [RecolectorPDF/recorrerYAnalizar] Analizando https://cepis.org/app/uploads/2022/03/Open-letter-on-a-right-for-encryption-CEPIS-2022-nosig.pdf
[18:58:47] [INFO] [RecolectorPDF/recorrerYAnalizar] Analizando https://cepis.org/app/uploads/2022/01/CEPIS-Comments-on-White-Paper-on-AI-V1.pdf
[18:58:47] [INFO] [RecolectorPDF/recorrerYAnalizar] Analizando https://cepis.org/app/uploads/2020/05/ITPE_Leaflet_web.pdf
[18:58:47] [INFO] [RecolectorPDF/recorrerYAnalizar] Analizando https://cepis.org/app/uploads/2020/01/UpdatedCEPISMission2016-2020-3.pdf
[18:58:47] [INFO] [RecolectorPDF/recorrerYAnalizar] Analizando https://cepis.org/app/uploads/2022/03/Inf4All-Framework-press-release-March-2022.pdf
[18:58:47] [INFO] [RecolectorPDF/recorrerYAnalizar] Analizando https://cepis.org/app/uploads/2022/01/EU-must-act-immediately-improve-digital-skills-V1-1.pdf
[18:58:47] [INFO] [RecolectorPDF/recorrerYAnalizar] Analizando https://cepis.org/app/uploads/2022/01/Comments_EU_Funding_Digital_Skills-V1.pdf
[18:58:47] [INFO] [RecolectorPDF/recorrerYAnalizar] Analizando https://cepis.org/app/uploads/2020/12/Press-Release-CEPIS-statement-on-the-right-to-encrypt-12.2020.pdf
[18:58:47] [INFO] [RecolectorPDF/recorrerYAnalizar] Analizando https://cepis.org/app/uploads/2022/01/Openletter-e-evidenceCEPIS-12.2019-V1.pdf
[18:58:47] [INFO] [RecolectorPDF/recorrerYAnalizar] Analizando https://cepis.org/app/uploads/2020/06/DiversIT-Charter-Code-of-Conduct.pdf
[18:58:47] [INFO] [RecolectorPDF/recorrerYAnalizar] Analizando https://cepis.org/app/uploads/2021/11/CEPIS-against-total-surveillance-of-digital-communications-in-the-EU-11.2021.pdf
[18:58:47] [INFO] [RecolectorPDF/recorrerYAnalizar] Analizando https://cepis.org/app/uploads/2020/11/Right-to-encryption-instead-of-a-master-key-for-chat-communication-CEPIS-LSI-SIN.pdf
[18:58:47] [INFO] [RecolectorPDF/recorrerYAnalizar] Analizando https://cepis.org/app/uploads/2021/02/ARM-NVIDIA-statement.pdf
[18:58:47] [INFO] [RecolectorPDF/recorrerYAnalizar] Analizando https://cepis.org/app/uploads/2022/01/IT_professionalism__policy-paper-V1.pdf
[18:58:59] [INFO] [analizador.AnalizadorTingtun/extraeResultados] Scanned Document - PASSED  - https://cepis.org/app/uploads/2022/02/DiversIT-Charter-Overview-Feb-2022.pdf
[18:58:59] [INFO] [analizador.AnalizadorTingtun/extraeResultados] Scanned Document - PASSED  - https://cepis.org/app/uploads/2022/01/LSI-SIN-Statement-on-Right-to-encryption-V1.pdf
[18:58:59] [INFO] [analizador.AnalizadorTingtun/extraeResultados] Structure Elements (tags) - PASSED  - https://cepis.org/app/uploads/2022/01/LSI-SIN-Statement-on-Right-to-encryption-V1.pdf
[18:58:59] [INFO] [analizador.AnalizadorTingtun/extraeResultados] Structure Elements (tags) - PASSED  - https://cepis.org/app/uploads/2022/02/DiversIT-Charter-Overview-Feb-2022.pdf
[18:59:00] [INFO] [analizador.AnalizadorTingtun/extraeResultados] Document Permissions - PASSED  - https://cepis.org/app/uploads/2022/01/LSI-SIN-Statement-on-Right-to-encryption-V1.pdf
[18:59:00] [INFO] [analizador.AnalizadorTingtun/extraeResultados] Document Permissions - PASSED  - https://cepis.org/app/uploads/2022/02/DiversIT-Charter-Overview-Feb-2022.pdf
[18:59:00] [INFO] [analizador.AnalizadorTingtun/extraeResultados] Natural Language - PASSED  - https://cepis.org/app/uploads/2022/01/LSI-SIN-Statement-on-Right-to-encryption-V1.pdf
[18:59:00] [INFO] [analizador.AnalizadorTingtun/extraeResultados] Natural Language - PASSED  - https://cepis.org/app/uploads/2022/02/DiversIT-Charter-Overview-Feb-2022.pdf
[18:59:00] [INFO] [analizador.AnalizadorTingtun/extraeResultados] Heading Levels - PASSED  - https://cepis.org/app/uploads/2022/01/LSI-SIN-Statement-on-Right-to-encryption-V1.pdf
[18:59:00] [INFO] [analizador.AnalizadorTingtun/extraeResultados] Alternative Text for Images - PASSED  - https://cepis.org/app/uploads/2022/02/DiversIT-Charter-Overview-Feb-2022.pdf
[18:59:00] [INFO] [analizador.AnalizadorTingtun/extraeResultados] Bookmarks - PASSED  - https://cepis.org/app/uploads/2022/01/LSI-SIN-Statement-on-Right-to-encryption-V1.pdf
[18:59:00] [INFO] [analizador.AnalizadorTingtun/extraeResultados] Heading Levels - PASSED  - https://cepis.org/app/uploads/2022/02/DiversIT-Charter-Overview-Feb-2022.pdf
[18:59:00] [INFO] [analizador.AnalizadorTingtun/extraeResultados] Document Title - PASSED  - https://cepis.org/app/uploads/2022/01/LSI-SIN-Statement-on-Right-to-encryption-V1.pdf
[18:59:00] [INFO] [analizador.AnalizadorTingtun/extraeResultados] Bookmarks - PASSED  - https://cepis.org/app/uploads/2022/02/DiversIT-Charter-Overview-Feb-2022.pdf
[18:59:00] [INFO] [analizador.AnalizadorTingtun/extraeResultados] Decorative Images - PASSED  - https://cepis.org/app/uploads/2022/01/LSI-SIN-Statement-on-Right-to-encryption-V1.pdf
[18:59:00] [INFO] [analizador.AnalizadorTingtun/extraeResultados] Document Title - PASSED  - https://cepis.org/app/uploads/2022/02/DiversIT-Charter-Overview-Feb-2022.pdf
[18:59:00] [INFO] [analizador.AnalizadorTingtun/extraeResultados] Decorative Images - PASSED  - https://cepis.org/app/uploads/2022/02/DiversIT-Charter-Overview-Feb-2022.pdf
[18:59:00] [INFO] [analizador.AnalizadorTingtun/extraeResultados] Correct Tab and Reading Order - PASSED  - https://cepis.org/app/uploads/2022/02/DiversIT-Charter-Overview-Feb-2022.pdf
[18:59:01] [INFO] [analizador.AnalizadorTingtun/extraeResultados] Scanned Document - PASSED  - https://cepis.org/app/uploads/2022/01/CEPIS_Standing_Orders_Updated_2021-V1.pdf
[18:59:01] [INFO] [analizador.AnalizadorTingtun/extraeResultados] Structure Elements (tags) - PASSED  - https://cepis.org/app/uploads/2022/01/CEPIS_Standing_Orders_Updated_2021-V1.pdf
[18:59:01] [INFO] [analizador.AnalizadorTingtun/extraeResultados] Document Permissions - PASSED  - https://cepis.org/app/uploads/2022/01/CEPIS_Standing_Orders_Updated_2021-V1.pdf
[18:59:01] [INFO] [analizador.AnalizadorTingtun/extraeResultados] Scanned Document - PASSED  - https://cepis.org/app/uploads/2022/01/Comments_EU_Funding_Digital_Skills-V1-1.pdf
[18:59:01] [INFO] [analizador.AnalizadorTingtun/extraeResultados] Bookmarks - FAILED  - https://cepis.org/app/uploads/2022/01/ARM-NVIDIA-statement-V1.pdf
[18:59:01] [INFO] [analizador.AnalizadorTingtun/extraeResultados] Natural Language - PASSED  - https://cepis.org/app/uploads/2022/01/CEPIS_Standing_Orders_Updated_2021-V1.pdf
[18:59:01] [INFO] [analizador.AnalizadorTingtun/extraeResultados] Structure Elements (tags) - PASSED  - https://cepis.org/app/uploads/2022/01/Comments_EU_Funding_Digital_Skills-V1-1.pdf
[18:59:01] [INFO] [analizador.AnalizadorTingtun/extraeResultados] Scanned Document - PASSED  - https://cepis.org/app/uploads/2022/01/ARM-NVIDIA-statement-V1.pdf
[18:59:01] [INFO] [analizador.AnalizadorTingtun/extraeResultados] Document Permissions - PASSED  - https://cepis.org/app/uploads/2022/01/Comments_EU_Funding_Digital_Skills-V1-1.pdf
[18:59:01] [INFO] [analizador.AnalizadorTingtun/extraeResultados] Heading Levels - PASSED  - https://cepis.org/app/uploads/2022/01/CEPIS_Standing_Orders_Updated_2021-V1.pdf
[18:59:01] [INFO] [analizador.AnalizadorTingtun/extraeResultados] Structure Elements (tags) - PASSED  - https://cepis.org/app/uploads/2022/01/ARM-NVIDIA-statement-V1.pdf
[18:59:01] [INFO] [analizador.AnalizadorTingtun/extraeResultados] Natural Language - PASSED  - https://cepis.org/app/uploads/2022/01/Comments_EU_Funding_Digital_Skills-V1-1.pdf
[18:59:01] [INFO] [analizador.AnalizadorTingtun/extraeResultados] Bookmarks - PASSED  - https://cepis.org/app/uploads/2022/01/CEPIS_Standing_Orders_Updated_2021-V1.pdf
[18:59:01] [INFO] [analizador.AnalizadorTingtun/extraeResultados] Alternative Text for Images - PASSED  - https://cepis.org/app/uploads/2022/01/Comments_EU_Funding_Digital_Skills-V1-1.pdf
[18:59:01] [INFO] [analizador.AnalizadorTingtun/extraeResultados] Document Title - PASSED  - https://cepis.org/app/uploads/2022/01/CEPIS_Standing_Orders_Updated_2021-V1.pdf
[18:59:01] [INFO] [analizador.AnalizadorTingtun/extraeResultados] Document Permissions - PASSED  - https://cepis.org/app/uploads/2022/01/ARM-NVIDIA-statement-V1.pdf
[18:59:01] [INFO] [analizador.AnalizadorTingtun/extraeResultados] Heading Levels - PASSED  - https://cepis.org/app/uploads/2022/01/Comments_EU_Funding_Digital_Skills-V1-1.pdf
[18:59:01] [INFO] [analizador.AnalizadorTingtun/extraeResultados] Decorative Images - PASSED  - https://cepis.org/app/uploads/2022/01/CEPIS_Standing_Orders_Updated_2021-V1.pdf
[18:59:01] [INFO] [analizador.AnalizadorTingtun/extraeResultados] Bookmarks - PASSED  - https://cepis.org/app/uploads/2022/01/Comments_EU_Funding_Digital_Skills-V1-1.pdf
[18:59:01] [INFO] [analizador.AnalizadorTingtun/extraeResultados] Correct Tab and Reading Order - PASSED  - https://cepis.org/app/uploads/2022/01/CEPIS_Standing_Orders_Updated_2021-V1.pdf
[18:59:01] [INFO] [analizador.AnalizadorTingtun/extraeResultados] Document Title - PASSED  - https://cepis.org/app/uploads/2022/01/Comments_EU_Funding_Digital_Skills-V1-1.pdf
[18:59:01] [INFO] [analizador.AnalizadorTingtun/extraeResultados] Decorative Images - PASSED  - https://cepis.org/app/uploads/2022/01/Comments_EU_Funding_Digital_Skills-V1-1.pdf
[18:59:02] [INFO] [analizador.AnalizadorTingtun/extraeResultados] Correct Tab and Reading Order - PASSED  - https://cepis.org/app/uploads/2022/01/Comments_EU_Funding_Digital_Skills-V1-1.pdf
[18:59:02] [INFO] [analizador.AnalizadorTingtun/extraeResultados] Natural Language - PASSED  - https://cepis.org/app/uploads/2022/01/ARM-NVIDIA-statement-V1.pdf
[18:59:02] [INFO] [analizador.AnalizadorTingtun/extraeResultados] Document Title - PASSED  - https://cepis.org/app/uploads/2022/01/ARM-NVIDIA-statement-V1.pdf
[18:59:02] [INFO] [analizador.AnalizadorTingtun/extraeResultados] Correct Tab and Reading Order - PASSED  - https://cepis.org/app/uploads/2022/01/ARM-NVIDIA-statement-V1.pdf
[18:59:02] [INFO] [analizador.AnalizadorTingtun/extraeResultados] Correct Tab and Reading Order - PASSED  - https://cepis.org/app/uploads/2022/01/LSI-SIN-Statement-on-Right-to-encryption-V1.pdf
[18:59:02] [INFO] [analizador.AnalizadorTingtun/extraeResultados] Scanned Document - PASSED  - https://cepis.org/app/uploads/2022/04/DiversIT-Charter-FAQs-for-Applicants-Feb-2022.pdf
[18:59:02] [INFO] [analizador.AnalizadorTingtun/extraeResultados] Structure Elements (tags) - PASSED  - https://cepis.org/app/uploads/2022/04/DiversIT-Charter-FAQs-for-Applicants-Feb-2022.pdf
[18:59:02] [INFO] [analizador.AnalizadorTingtun/extraeResultados] Document Permissions - PASSED  - https://cepis.org/app/uploads/2022/04/DiversIT-Charter-FAQs-for-Applicants-Feb-2022.pdf
[18:59:02] [INFO] [analizador.AnalizadorTingtun/extraeResultados] Natural Language - PASSED  - https://cepis.org/app/uploads/2022/04/DiversIT-Charter-FAQs-for-Applicants-Feb-2022.pdf
[18:59:02] [INFO] [analizador.AnalizadorTingtun/extraeResultados] Heading Levels - PASSED  - https://cepis.org/app/uploads/2022/04/DiversIT-Charter-FAQs-for-Applicants-Feb-2022.pdf
[18:59:03] [INFO] [analizador.AnalizadorTingtun/extraeResultados] Bookmarks - PASSED  - https://cepis.org/app/uploads/2022/04/DiversIT-Charter-FAQs-for-Applicants-Feb-2022.pdf
[18:59:03] [INFO] [analizador.AnalizadorTingtun/extraeResultados] Document Title - PASSED  - https://cepis.org/app/uploads/2022/04/DiversIT-Charter-FAQs-for-Applicants-Feb-2022.pdf
[18:59:03] [INFO] [analizador.AnalizadorTingtun/extraeResultados] Decorative Images - PASSED  - https://cepis.org/app/uploads/2022/04/DiversIT-Charter-FAQs-for-Applicants-Feb-2022.pdf
[18:59:03] [INFO] [analizador.AnalizadorTingtun/extraeResultados] Correct Tab and Reading Order - PASSED  - https://cepis.org/app/uploads/2022/04/DiversIT-Charter-FAQs-for-Applicants-Feb-2022.pdf
[18:59:04] [INFO] [analizador.AnalizadorTingtun/analizar] Terminado: https://cepis.org/app/uploads/2022/01/CEPIS_Standing_Orders_Updated_2021-V1.pdf
[18:59:04] [INFO] [analizador.AnalizadorTingtun/analizar] Terminado: https://cepis.org/app/uploads/2022/02/DiversIT-Charter-Overview-Feb-2022.pdf
[18:59:04] [INFO] [analizador.AnalizadorTingtun/analizar] Terminado: https://cepis.org/app/uploads/2022/01/LSI-SIN-Statement-on-Right-to-encryption-V1.pdf
[18:59:06] [INFO] [analizador.AnalizadorTingtun/analizar] Terminado: https://cepis.org/app/uploads/2022/01/Comments_EU_Funding_Digital_Skills-V1-1.pdf
[18:59:06] [INFO] [analizador.AnalizadorTingtun/analizar] Terminado: https://cepis.org/app/uploads/2022/04/DiversIT-Charter-FAQs-for-Applicants-Feb-2022.pdf
[18:59:06] [INFO] [analizador.AnalizadorTingtun/analizar] Terminado: https://cepis.org/app/uploads/2022/01/ARM-NVIDIA-statement-V1.pdf
[18:59:11] [INFO] [analizador.AnalizadorTingtun/extraeResultados] Bookmarks - FAILED  - https://cepis.org/app/uploads/2022/03/Open-letter-on-a-right-for-encryption-CEPIS-2022-nosig.pdf
[18:59:11] [INFO] [analizador.AnalizadorTingtun/extraeResultados] Scanned Document - PASSED  - https://cepis.org/app/uploads/2022/03/Open-letter-on-a-right-for-encryption-CEPIS-2022-nosig.pdf
[18:59:11] [INFO] [analizador.AnalizadorTingtun/extraeResultados] Structure Elements (tags) - PASSED  - https://cepis.org/app/uploads/2022/03/Open-letter-on-a-right-for-encryption-CEPIS-2022-nosig.pdf
[18:59:11] [INFO] [analizador.AnalizadorTingtun/extraeResultados] Document Permissions - PASSED  - https://cepis.org/app/uploads/2022/03/Open-letter-on-a-right-for-encryption-CEPIS-2022-nosig.pdf
[18:59:11] [INFO] [analizador.AnalizadorTingtun/extraeResultados] Natural Language - PASSED  - https://cepis.org/app/uploads/2022/03/Open-letter-on-a-right-for-encryption-CEPIS-2022-nosig.pdf
[18:59:11] [INFO] [analizador.AnalizadorTingtun/extraeResultados] Heading Levels - PASSED  - https://cepis.org/app/uploads/2022/03/Open-letter-on-a-right-for-encryption-CEPIS-2022-nosig.pdf
[18:59:11] [INFO] [analizador.AnalizadorTingtun/extraeResultados] Document Title - PASSED  - https://cepis.org/app/uploads/2022/03/Open-letter-on-a-right-for-encryption-CEPIS-2022-nosig.pdf
[18:59:11] [INFO] [analizador.AnalizadorTingtun/extraeResultados] Decorative Images - PASSED  - https://cepis.org/app/uploads/2022/03/Open-letter-on-a-right-for-encryption-CEPIS-2022-nosig.pdf
[18:59:11] [INFO] [analizador.AnalizadorTingtun/extraeResultados] Correct Tab and Reading Order - PASSED  - https://cepis.org/app/uploads/2022/03/Open-letter-on-a-right-for-encryption-CEPIS-2022-nosig.pdf
[18:59:12] [INFO] [analizador.AnalizadorTingtun/extraeResultados] Bookmarks - FAILED  - https://cepis.org/app/uploads/2022/01/CEPIS-Comments-on-White-Paper-on-AI-V1.pdf
[18:59:12] [INFO] [analizador.AnalizadorTingtun/extraeResultados] Scanned Document - PASSED  - https://cepis.org/app/uploads/2022/01/CEPIS-Comments-on-White-Paper-on-AI-V1.pdf
[18:59:12] [INFO] [analizador.AnalizadorTingtun/extraeResultados] Bookmarks - FAILED  - https://cepis.org/app/uploads/2020/05/ITPE_Leaflet_web.pdf
[18:59:12] [INFO] [analizador.AnalizadorTingtun/extraeResultados] Structure Elements (tags) - PASSED  - https://cepis.org/app/uploads/2022/01/CEPIS-Comments-on-White-Paper-on-AI-V1.pdf
[18:59:13] [INFO] [analizador.AnalizadorTingtun/extraeResultados] Document Permissions - PASSED  - https://cepis.org/app/uploads/2022/01/CEPIS-Comments-on-White-Paper-on-AI-V1.pdf
[18:59:13] [INFO] [analizador.AnalizadorTingtun/extraeResultados] Natural Language - PASSED  - https://cepis.org/app/uploads/2022/01/CEPIS-Comments-on-White-Paper-on-AI-V1.pdf
[18:59:13] [INFO] [analizador.AnalizadorTingtun/extraeResultados] Document Title - FAILED  - https://cepis.org/app/uploads/2020/05/ITPE_Leaflet_web.pdf
[18:59:13] [INFO] [analizador.AnalizadorTingtun/extraeResultados] Heading Levels - PASSED  - https://cepis.org/app/uploads/2022/01/CEPIS-Comments-on-White-Paper-on-AI-V1.pdf
[18:59:13] [INFO] [analizador.AnalizadorTingtun/extraeResultados] Scanned Document - PASSED  - https://cepis.org/app/uploads/2020/05/ITPE_Leaflet_web.pdf
[18:59:13] [INFO] [analizador.AnalizadorTingtun/extraeResultados] Document Title - PASSED  - https://cepis.org/app/uploads/2022/01/CEPIS-Comments-on-White-Paper-on-AI-V1.pdf
[18:59:13] [INFO] [analizador.AnalizadorTingtun/extraeResultados] Structure Elements (tags) - PASSED  - https://cepis.org/app/uploads/2020/05/ITPE_Leaflet_web.pdf
[18:59:13] [INFO] [analizador.AnalizadorTingtun/extraeResultados] Correct Tab and Reading Order - PASSED  - https://cepis.org/app/uploads/2022/01/CEPIS-Comments-on-White-Paper-on-AI-V1.pdf
[18:59:13] [INFO] [analizador.AnalizadorTingtun/extraeResultados] Document Permissions - PASSED  - https://cepis.org/app/uploads/2020/05/ITPE_Leaflet_web.pdf
[18:59:13] [INFO] [analizador.AnalizadorTingtun/extraeResultados] Natural Language - PASSED  - https://cepis.org/app/uploads/2020/05/ITPE_Leaflet_web.pdf
[18:59:13] [INFO] [analizador.AnalizadorTingtun/extraeResultados] Correct Tab and Reading Order - PASSED  - https://cepis.org/app/uploads/2020/05/ITPE_Leaflet_web.pdf
[18:59:15] [INFO] [analizador.AnalizadorTingtun/extraeResultados] Bookmarks - FAILED  - https://cepis.org/app/uploads/2020/01/UpdatedCEPISMission2016-2020-3.pdf
[18:59:15] [INFO] [analizador.AnalizadorTingtun/extraeResultados] Bookmarks - FAILED  - https://cepis.org/app/uploads/2022/03/Inf4All-Framework-press-release-March-2022.pdf
[18:59:15] [INFO] [analizador.AnalizadorTingtun/extraeResultados] Scanned Document - PASSED  - https://cepis.org/app/uploads/2022/03/Inf4All-Framework-press-release-March-2022.pdf
[18:59:15] [INFO] [analizador.AnalizadorTingtun/analizar] Terminado: https://cepis.org/app/uploads/2020/05/ITPE_Leaflet_web.pdf
[18:59:15] [INFO] [analizador.AnalizadorTingtun/extraeResultados] Scanned Document - PASSED  - https://cepis.org/app/uploads/2020/01/UpdatedCEPISMission2016-2020-3.pdf
[18:59:15] [INFO] [analizador.AnalizadorTingtun/extraeResultados] Structure Elements (tags) - PASSED  - https://cepis.org/app/uploads/2022/03/Inf4All-Framework-press-release-March-2022.pdf
[18:59:15] [INFO] [analizador.AnalizadorTingtun/analizar] Terminado: https://cepis.org/app/uploads/2022/03/Open-letter-on-a-right-for-encryption-CEPIS-2022-nosig.pdf
[18:59:15] [INFO] [analizador.AnalizadorTingtun/extraeResultados] Structure Elements (tags) - PASSED  - https://cepis.org/app/uploads/2020/01/UpdatedCEPISMission2016-2020-3.pdf
[18:59:15] [INFO] [analizador.AnalizadorTingtun/extraeResultados] Document Permissions - PASSED  - https://cepis.org/app/uploads/2020/01/UpdatedCEPISMission2016-2020-3.pdf
[18:59:16] [INFO] [analizador.AnalizadorTingtun/extraeResultados] Natural Language - PASSED  - https://cepis.org/app/uploads/2020/01/UpdatedCEPISMission2016-2020-3.pdf
[18:59:16] [INFO] [analizador.AnalizadorTingtun/extraeResultados] Document Permissions - PASSED  - https://cepis.org/app/uploads/2022/03/Inf4All-Framework-press-release-March-2022.pdf
[18:59:16] [INFO] [analizador.AnalizadorTingtun/extraeResultados] Document Title - PASSED  - https://cepis.org/app/uploads/2020/01/UpdatedCEPISMission2016-2020-3.pdf
[18:59:16] [INFO] [analizador.AnalizadorTingtun/extraeResultados] Natural Language - PASSED  - https://cepis.org/app/uploads/2022/03/Inf4All-Framework-press-release-March-2022.pdf
[18:59:16] [INFO] [analizador.AnalizadorTingtun/extraeResultados] Alternative Text for Images - PASSED  - https://cepis.org/app/uploads/2022/03/Inf4All-Framework-press-release-March-2022.pdf
[18:59:16] [INFO] [analizador.AnalizadorTingtun/extraeResultados] Heading Levels - PASSED  - https://cepis.org/app/uploads/2022/03/Inf4All-Framework-press-release-March-2022.pdf
[18:59:16] [INFO] [analizador.AnalizadorTingtun/extraeResultados] Correct Tab and Reading Order - PASSED  - https://cepis.org/app/uploads/2020/01/UpdatedCEPISMission2016-2020-3.pdf
[18:59:16] [INFO] [analizador.AnalizadorTingtun/extraeResultados] Document Title - PASSED  - https://cepis.org/app/uploads/2022/03/Inf4All-Framework-press-release-March-2022.pdf
[18:59:16] [INFO] [analizador.AnalizadorTingtun/extraeResultados] Correct Tab and Reading Order - PASSED  - https://cepis.org/app/uploads/2022/03/Inf4All-Framework-press-release-March-2022.pdf
[18:59:17] [INFO] [analizador.AnalizadorTingtun/extraeResultados] Bookmarks - FAILED  - https://cepis.org/app/uploads/2022/01/EU-must-act-immediately-improve-digital-skills-V1-1.pdf
[18:59:17] [INFO] [analizador.AnalizadorTingtun/analizar] Terminado: https://cepis.org/app/uploads/2022/01/CEPIS-Comments-on-White-Paper-on-AI-V1.pdf
[18:59:17] [INFO] [analizador.AnalizadorTingtun/extraeResultados] Scanned Document - PASSED  - https://cepis.org/app/uploads/2022/01/EU-must-act-immediately-improve-digital-skills-V1-1.pdf
[18:59:17] [INFO] [analizador.AnalizadorTingtun/extraeResultados] Structure Elements (tags) - PASSED  - https://cepis.org/app/uploads/2022/01/EU-must-act-immediately-improve-digital-skills-V1-1.pdf
[18:59:17] [INFO] [analizador.AnalizadorTingtun/extraeResultados] Document Permissions - PASSED  - https://cepis.org/app/uploads/2022/01/EU-must-act-immediately-improve-digital-skills-V1-1.pdf
[18:59:17] [INFO] [analizador.AnalizadorTingtun/extraeResultados] Natural Language - PASSED  - https://cepis.org/app/uploads/2022/01/EU-must-act-immediately-improve-digital-skills-V1-1.pdf
[18:59:17] [INFO] [analizador.AnalizadorTingtun/extraeResultados] Heading Levels - PASSED  - https://cepis.org/app/uploads/2022/01/EU-must-act-immediately-improve-digital-skills-V1-1.pdf
[18:59:17] [INFO] [analizador.AnalizadorTingtun/extraeResultados] Document Title - PASSED  - https://cepis.org/app/uploads/2022/01/EU-must-act-immediately-improve-digital-skills-V1-1.pdf
[18:59:18] [INFO] [analizador.AnalizadorTingtun/extraeResultados] Correct Tab and Reading Order - PASSED  - https://cepis.org/app/uploads/2022/01/EU-must-act-immediately-improve-digital-skills-V1-1.pdf
[18:59:19] [INFO] [analizador.AnalizadorTingtun/analizar] Terminado: https://cepis.org/app/uploads/2022/03/Inf4All-Framework-press-release-March-2022.pdf
[18:59:21] [INFO] [analizador.AnalizadorTingtun/analizar] Terminado: https://cepis.org/app/uploads/2022/01/EU-must-act-immediately-improve-digital-skills-V1-1.pdf
[18:59:23] [INFO] [analizador.AnalizadorTingtun/extraeResultados] Bookmarks - FAILED  - https://cepis.org/app/uploads/2020/12/Press-Release-CEPIS-statement-on-the-right-to-encrypt-12.2020.pdf
[18:59:23] [INFO] [analizador.AnalizadorTingtun/extraeResultados] Scanned Document - PASSED  - https://cepis.org/app/uploads/2020/12/Press-Release-CEPIS-statement-on-the-right-to-encrypt-12.2020.pdf
[18:59:23] [INFO] [analizador.AnalizadorTingtun/extraeResultados] Structure Elements (tags) - PASSED  - https://cepis.org/app/uploads/2020/12/Press-Release-CEPIS-statement-on-the-right-to-encrypt-12.2020.pdf
[18:59:23] [INFO] [analizador.AnalizadorTingtun/extraeResultados] Document Permissions - PASSED  - https://cepis.org/app/uploads/2020/12/Press-Release-CEPIS-statement-on-the-right-to-encrypt-12.2020.pdf
[18:59:23] [INFO] [analizador.AnalizadorTingtun/extraeResultados] Natural Language - PASSED  - https://cepis.org/app/uploads/2020/12/Press-Release-CEPIS-statement-on-the-right-to-encrypt-12.2020.pdf
[18:59:24] [INFO] [analizador.AnalizadorTingtun/extraeResultados] Document Title - PASSED  - https://cepis.org/app/uploads/2020/12/Press-Release-CEPIS-statement-on-the-right-to-encrypt-12.2020.pdf
[18:59:24] [INFO] [analizador.AnalizadorTingtun/extraeResultados] Correct Tab and Reading Order - PASSED  - https://cepis.org/app/uploads/2020/12/Press-Release-CEPIS-statement-on-the-right-to-encrypt-12.2020.pdf
[18:59:25] [INFO] [analizador.AnalizadorTingtun/extraeResultados] Scanned Document - PASSED  - https://cepis.org/app/uploads/2022/01/Comments_EU_Funding_Digital_Skills-V1.pdf
[18:59:25] [INFO] [analizador.AnalizadorTingtun/extraeResultados] Bookmarks - FAILED  - https://cepis.org/app/uploads/2022/01/Openletter-e-evidenceCEPIS-12.2019-V1.pdf
[18:59:25] [INFO] [analizador.AnalizadorTingtun/extraeResultados] Scanned Document - PASSED  - https://cepis.org/app/uploads/2022/01/Openletter-e-evidenceCEPIS-12.2019-V1.pdf
[18:59:25] [INFO] [analizador.AnalizadorTingtun/extraeResultados] Structure Elements (tags) - PASSED  - https://cepis.org/app/uploads/2022/01/Comments_EU_Funding_Digital_Skills-V1.pdf
[18:59:25] [INFO] [analizador.AnalizadorTingtun/extraeResultados] Document Permissions - PASSED  - https://cepis.org/app/uploads/2022/01/Comments_EU_Funding_Digital_Skills-V1.pdf
[18:59:25] [INFO] [analizador.AnalizadorTingtun/analizar] Terminado: https://cepis.org/app/uploads/2020/01/UpdatedCEPISMission2016-2020-3.pdf
[18:59:25] [INFO] [analizador.AnalizadorTingtun/extraeResultados] Natural Language - PASSED  - https://cepis.org/app/uploads/2022/01/Comments_EU_Funding_Digital_Skills-V1.pdf
[18:59:25] [INFO] [analizador.AnalizadorTingtun/extraeResultados] Alternative Text for Images - PASSED  - https://cepis.org/app/uploads/2022/01/Comments_EU_Funding_Digital_Skills-V1.pdf
[18:59:25] [INFO] [analizador.AnalizadorTingtun/extraeResultados] Heading Levels - PASSED  - https://cepis.org/app/uploads/2022/01/Comments_EU_Funding_Digital_Skills-V1.pdf
[18:59:25] [INFO] [analizador.AnalizadorTingtun/extraeResultados] Structure Elements (tags) - PASSED  - https://cepis.org/app/uploads/2022/01/Openletter-e-evidenceCEPIS-12.2019-V1.pdf
[18:59:25] [INFO] [analizador.AnalizadorTingtun/extraeResultados] Document Permissions - PASSED  - https://cepis.org/app/uploads/2022/01/Openletter-e-evidenceCEPIS-12.2019-V1.pdf
[18:59:25] [INFO] [analizador.AnalizadorTingtun/extraeResultados] Bookmarks - PASSED  - https://cepis.org/app/uploads/2022/01/Comments_EU_Funding_Digital_Skills-V1.pdf
[18:59:25] [INFO] [analizador.AnalizadorTingtun/extraeResultados] Natural Language - PASSED  - https://cepis.org/app/uploads/2022/01/Openletter-e-evidenceCEPIS-12.2019-V1.pdf
[18:59:25] [INFO] [analizador.AnalizadorTingtun/extraeResultados] Document Title - PASSED  - https://cepis.org/app/uploads/2022/01/Comments_EU_Funding_Digital_Skills-V1.pdf
[18:59:25] [INFO] [analizador.AnalizadorTingtun/extraeResultados] Heading Levels - PASSED  - https://cepis.org/app/uploads/2022/01/Openletter-e-evidenceCEPIS-12.2019-V1.pdf
[18:59:25] [INFO] [analizador.AnalizadorTingtun/extraeResultados] Decorative Images - PASSED  - https://cepis.org/app/uploads/2022/01/Comments_EU_Funding_Digital_Skills-V1.pdf
[18:59:26] [INFO] [analizador.AnalizadorTingtun/extraeResultados] Document Title - PASSED  - https://cepis.org/app/uploads/2022/01/Openletter-e-evidenceCEPIS-12.2019-V1.pdf
[18:59:26] [INFO] [analizador.AnalizadorTingtun/extraeResultados] Correct Tab and Reading Order - PASSED  - https://cepis.org/app/uploads/2022/01/Comments_EU_Funding_Digital_Skills-V1.pdf
[18:59:26] [INFO] [analizador.AnalizadorTingtun/extraeResultados] Correct Tab and Reading Order - PASSED  - https://cepis.org/app/uploads/2022/01/Openletter-e-evidenceCEPIS-12.2019-V1.pdf
[18:59:28] [INFO] [analizador.AnalizadorTingtun/extraeResultados] Bookmarks - FAILED  - https://cepis.org/app/uploads/2020/06/DiversIT-Charter-Code-of-Conduct.pdf
[18:59:28] [INFO] [analizador.AnalizadorTingtun/analizar] Terminado: https://cepis.org/app/uploads/2020/12/Press-Release-CEPIS-statement-on-the-right-to-encrypt-12.2020.pdf
[18:59:28] [INFO] [analizador.AnalizadorTingtun/extraeResultados] Document Title - FAILED  - https://cepis.org/app/uploads/2020/06/DiversIT-Charter-Code-of-Conduct.pdf
[18:59:28] [INFO] [analizador.AnalizadorTingtun/extraeResultados] Scanned Document - PASSED  - https://cepis.org/app/uploads/2020/06/DiversIT-Charter-Code-of-Conduct.pdf
[18:59:28] [INFO] [analizador.AnalizadorTingtun/extraeResultados] Structure Elements (tags) - PASSED  - https://cepis.org/app/uploads/2020/06/DiversIT-Charter-Code-of-Conduct.pdf
[18:59:28] [INFO] [analizador.AnalizadorTingtun/extraeResultados] Document Permissions - PASSED  - https://cepis.org/app/uploads/2020/06/DiversIT-Charter-Code-of-Conduct.pdf
[18:59:29] [INFO] [analizador.AnalizadorTingtun/extraeResultados] Natural Language - PASSED  - https://cepis.org/app/uploads/2020/06/DiversIT-Charter-Code-of-Conduct.pdf
[18:59:29] [INFO] [analizador.AnalizadorTingtun/extraeResultados] Bookmarks - FAILED  - https://cepis.org/app/uploads/2021/11/CEPIS-against-total-surveillance-of-digital-communications-in-the-EU-11.2021.pdf
[18:59:29] [INFO] [analizador.AnalizadorTingtun/extraeResultados] Correct Tab and Reading Order - PASSED  - https://cepis.org/app/uploads/2020/06/DiversIT-Charter-Code-of-Conduct.pdf
[18:59:29] [INFO] [analizador.AnalizadorTingtun/extraeResultados] Document Title - FAILED  - https://cepis.org/app/uploads/2021/11/CEPIS-against-total-surveillance-of-digital-communications-in-the-EU-11.2021.pdf
[18:59:29] [INFO] [analizador.AnalizadorTingtun/extraeResultados] Scanned Document - PASSED  - https://cepis.org/app/uploads/2021/11/CEPIS-against-total-surveillance-of-digital-communications-in-the-EU-11.2021.pdf
[18:59:29] [INFO] [analizador.AnalizadorTingtun/extraeResultados] Structure Elements (tags) - PASSED  - https://cepis.org/app/uploads/2021/11/CEPIS-against-total-surveillance-of-digital-communications-in-the-EU-11.2021.pdf
[18:59:29] [INFO] [analizador.AnalizadorTingtun/extraeResultados] Document Permissions - PASSED  - https://cepis.org/app/uploads/2021/11/CEPIS-against-total-surveillance-of-digital-communications-in-the-EU-11.2021.pdf
[18:59:30] [INFO] [analizador.AnalizadorTingtun/extraeResultados] Natural Language - PASSED  - https://cepis.org/app/uploads/2021/11/CEPIS-against-total-surveillance-of-digital-communications-in-the-EU-11.2021.pdf
[18:59:30] [INFO] [analizador.AnalizadorTingtun/extraeResultados] Heading Levels - PASSED  - https://cepis.org/app/uploads/2021/11/CEPIS-against-total-surveillance-of-digital-communications-in-the-EU-11.2021.pdf
[18:59:30] [INFO] [analizador.AnalizadorTingtun/extraeResultados] Correct Tab and Reading Order - PASSED  - https://cepis.org/app/uploads/2021/11/CEPIS-against-total-surveillance-of-digital-communications-in-the-EU-11.2021.pdf
[18:59:30] [INFO] [analizador.AnalizadorTingtun/analizar] Terminado: https://cepis.org/app/uploads/2022/01/Comments_EU_Funding_Digital_Skills-V1.pdf
[18:59:31] [INFO] [analizador.AnalizadorTingtun/analizar] Terminado: https://cepis.org/app/uploads/2022/01/Openletter-e-evidenceCEPIS-12.2019-V1.pdf
[18:59:32] [INFO] [analizador.AnalizadorTingtun/analizar] Terminado: https://cepis.org/app/uploads/2021/11/CEPIS-against-total-surveillance-of-digital-communications-in-the-EU-11.2021.pdf
[18:59:33] [INFO] [analizador.AnalizadorTingtun/analizar] Terminado: https://cepis.org/app/uploads/2020/06/DiversIT-Charter-Code-of-Conduct.pdf
[18:59:33] [INFO] [analizador.AnalizadorTingtun/extraeResultados] Bookmarks - FAILED  - https://cepis.org/app/uploads/2020/11/Right-to-encryption-instead-of-a-master-key-for-chat-communication-CEPIS-LSI-SIN.pdf
[18:59:34] [INFO] [analizador.AnalizadorTingtun/extraeResultados] Document Title - FAILED  - https://cepis.org/app/uploads/2020/11/Right-to-encryption-instead-of-a-master-key-for-chat-communication-CEPIS-LSI-SIN.pdf
[18:59:34] [INFO] [analizador.AnalizadorTingtun/extraeResultados] Scanned Document - PASSED  - https://cepis.org/app/uploads/2020/11/Right-to-encryption-instead-of-a-master-key-for-chat-communication-CEPIS-LSI-SIN.pdf
[18:59:34] [INFO] [analizador.AnalizadorTingtun/extraeResultados] Structure Elements (tags) - PASSED  - https://cepis.org/app/uploads/2020/11/Right-to-encryption-instead-of-a-master-key-for-chat-communication-CEPIS-LSI-SIN.pdf
[18:59:34] [INFO] [analizador.AnalizadorTingtun/extraeResultados] Document Permissions - PASSED  - https://cepis.org/app/uploads/2020/11/Right-to-encryption-instead-of-a-master-key-for-chat-communication-CEPIS-LSI-SIN.pdf
[18:59:34] [INFO] [analizador.AnalizadorTingtun/extraeResultados] Natural Language - PASSED  - https://cepis.org/app/uploads/2020/11/Right-to-encryption-instead-of-a-master-key-for-chat-communication-CEPIS-LSI-SIN.pdf
[18:59:34] [INFO] [analizador.AnalizadorTingtun/extraeResultados] Correct Tab and Reading Order - PASSED  - https://cepis.org/app/uploads/2020/11/Right-to-encryption-instead-of-a-master-key-for-chat-communication-CEPIS-LSI-SIN.pdf
[18:59:37] [INFO] [analizador.AnalizadorTingtun/extraeResultados] Bookmarks - FAILED  - https://cepis.org/app/uploads/2021/02/ARM-NVIDIA-statement.pdf
[18:59:37] [INFO] [analizador.AnalizadorTingtun/extraeResultados] Document Title - FAILED  - https://cepis.org/app/uploads/2021/02/ARM-NVIDIA-statement.pdf
[18:59:37] [INFO] [analizador.AnalizadorTingtun/extraeResultados] Scanned Document - PASSED  - https://cepis.org/app/uploads/2021/02/ARM-NVIDIA-statement.pdf
[18:59:37] [INFO] [analizador.AnalizadorTingtun/extraeResultados] Structure Elements (tags) - PASSED  - https://cepis.org/app/uploads/2021/02/ARM-NVIDIA-statement.pdf
[18:59:37] [INFO] [analizador.AnalizadorTingtun/extraeResultados] Document Permissions - PASSED  - https://cepis.org/app/uploads/2021/02/ARM-NVIDIA-statement.pdf
[18:59:37] [INFO] [analizador.AnalizadorTingtun/extraeResultados] Natural Language - PASSED  - https://cepis.org/app/uploads/2021/02/ARM-NVIDIA-statement.pdf
[18:59:37] [INFO] [analizador.AnalizadorTingtun/extraeResultados] Correct Tab and Reading Order - PASSED  - https://cepis.org/app/uploads/2021/02/ARM-NVIDIA-statement.pdf
[18:59:37] [INFO] [analizador.AnalizadorTingtun/extraeResultados] Bookmarks - FAILED  - https://cepis.org/app/uploads/2022/01/IT_professionalism__policy-paper-V1.pdf
[18:59:37] [INFO] [analizador.AnalizadorTingtun/extraeResultados] Scanned Document - PASSED  - https://cepis.org/app/uploads/2022/01/IT_professionalism__policy-paper-V1.pdf
[18:59:38] [INFO] [analizador.AnalizadorTingtun/extraeResultados] Structure Elements (tags) - PASSED  - https://cepis.org/app/uploads/2022/01/IT_professionalism__policy-paper-V1.pdf
[18:59:38] [INFO] [analizador.AnalizadorTingtun/extraeResultados] Document Permissions - PASSED  - https://cepis.org/app/uploads/2022/01/IT_professionalism__policy-paper-V1.pdf
[18:59:38] [INFO] [analizador.AnalizadorTingtun/extraeResultados] Natural Language - PASSED  - https://cepis.org/app/uploads/2022/01/IT_professionalism__policy-paper-V1.pdf
[18:59:38] [INFO] [analizador.AnalizadorTingtun/extraeResultados] Document Title - PASSED  - https://cepis.org/app/uploads/2022/01/IT_professionalism__policy-paper-V1.pdf
[18:59:38] [INFO] [analizador.AnalizadorTingtun/extraeResultados] Correct Tab and Reading Order - PASSED  - https://cepis.org/app/uploads/2022/01/IT_professionalism__policy-paper-V1.pdf
[18:59:39] [INFO] [analizador.AnalizadorTingtun/analizar] Terminado: https://cepis.org/app/uploads/2022/01/IT_professionalism__policy-paper-V1.pdf
[18:59:39] [INFO] [analizador.AnalizadorTingtun/analizar] Terminado: https://cepis.org/app/uploads/2020/11/Right-to-encryption-instead-of-a-master-key-for-chat-communication-CEPIS-LSI-SIN.pdf
[18:59:39] [INFO] [analizador.AnalizadorTingtun/analizar] Terminado: https://cepis.org/app/uploads/2021/02/ARM-NVIDIA-statement.pdf
[18:59:39] [INFO] [RecolectorPDF/recorrerYAnalizar] Fin de los análisis.